2022-10-24 21:40:40,583 [INFO] Activator:177 - 


2022-10-24 21:40:40,585 [INFO] Activator:178 - !SESSION log4j initialized
2022-10-24 21:40:48,549 [INFO] McuFinderGlobals:44 - Set McuFinder mode to 2 (CubeIDE integrated)
2022-10-24 21:40:50,171 [INFO] ApplicationProperties:181 - Using Application install path: C:\ST\STM32CubeIDE_1.7.0\STM32CubeIDE\plugins\com.st.stm32cube.common.mx_6.6.1.202207061420
2022-10-24 21:40:50,186 [INFO] DbMcusXml:77 - Set database path to: C:\ST\STM32CubeIDE_1.7.0\STM32CubeIDE\plugins\com.st.stm32cube.common.mx_6.6.1.202207061420\\db\/mcu/
2022-10-24 21:40:50,187 [INFO] ApiDb:269 - Set plugin database path to: C:\ST\STM32CubeIDE_1.7.0\STM32CubeIDE\plugins\com.st.stm32cube.common.mx_6.6.1.202207061420\\db\/plugins/boardmanager/
2022-10-24 21:40:50,190 [WARN] ApiDb:254 - Overriding images path with different value:  => C:\ST\STM32CubeIDE_1.7.0\STM32CubeIDE\plugins\com.st.stm32cube.common.mx_6.6.1.202207061420\\db\/plugins/mcufinder/images/
2022-10-24 21:40:50,206 [INFO] ApiDb:249 - Set database path to: C:\Users\HP\.stmcufinder\plugins\mcufinder//mcu/
2022-10-24 21:40:50,207 [INFO] DbMcusAds:124 - Set database path to: C:\Users\HP\.stmcufinder\plugins\mcufinder//mcu/
2022-10-24 21:40:50,812 [INFO] CrossReferenceDbSqlite:201 - Set database path to: C:\Users\HP\.stmcufinder\plugins\mcufinder//mcu/cs/
2022-10-24 21:40:50,922 [INFO] RulesReader:61 - Compatibility file has been processed (282 Rules)
2022-10-24 21:40:51,018 [INFO] DbMcusXml:77 - Set database path to: C:\ST\STM32CubeIDE_1.7.0\STM32CubeIDE\plugins\com.st.stm32cube.common.mx_6.6.1.202207061420\\db\/mcu/
2022-10-24 21:40:51,019 [INFO] ApiDb:269 - Set plugin database path to: C:\ST\STM32CubeIDE_1.7.0\STM32CubeIDE\plugins\com.st.stm32cube.common.mx_6.6.1.202207061420\\db\/plugins/boardmanager/
2022-10-24 21:40:51,019 [INFO] ApiDb:256 - Set plugin images path to: C:\ST\STM32CubeIDE_1.7.0\STM32CubeIDE\plugins\com.st.stm32cube.common.mx_6.6.1.202207061420\\db\/plugins/mcufinder/images/
2022-10-24 21:40:51,020 [WARN] DbFile:40 - Overriding database path with different value: C:\Users\HP\.stmcufinder\plugins\mcufinder/ => C:\Users\HP\.stmcufinder\plugins\mcufinder
2022-10-24 21:40:51,020 [INFO] ApiDb:249 - Set database path to: C:\Users\HP\.stmcufinder\plugins\mcufinder//mcu/
2022-10-24 21:40:51,020 [WARN] DbFile:40 - Overriding database path with different value: C:\Users\HP\.stmcufinder\plugins\mcufinder/ => C:\Users\HP\.stmcufinder\plugins\mcufinder
2022-10-24 21:40:51,020 [INFO] DbMcusAds:124 - Set database path to: C:\Users\HP\.stmcufinder\plugins\mcufinder//mcu/
2022-10-24 21:40:51,022 [WARN] DbFile:40 - Overriding database path with different value: C:\Users\HP\.stmcufinder\plugins\mcufinder/ => C:\Users\HP\.stmcufinder\plugins\mcufinder
2022-10-24 21:40:51,022 [WARN] DbFile:40 - Overriding database path with different value: C:\Users\HP\.stmcufinder\plugins\mcufinder/ => C:\Users\HP\.stmcufinder\plugins\mcufinder
2022-10-24 21:40:51,802 [INFO] CrossReferenceDbSqlite:201 - Set database path to: C:\Users\HP\.stmcufinder\plugins\mcufinder//mcu/cs/
2022-10-24 21:40:51,876 [INFO] MainPanel:242 - HeapMemory: 268435456
2022-10-24 21:40:51,952 [INFO] DbMcusXml:77 - Set database path to: C:\ST\STM32CubeIDE_1.7.0\STM32CubeIDE\plugins\com.st.stm32cube.common.mx_6.6.1.202207061420\\db\/mcu/
2022-10-24 21:40:51,952 [INFO] ApiDb:269 - Set plugin database path to: C:\ST\STM32CubeIDE_1.7.0\STM32CubeIDE\plugins\com.st.stm32cube.common.mx_6.6.1.202207061420\\db\/plugins/boardmanager/
2022-10-24 21:40:51,952 [INFO] ApiDb:256 - Set plugin images path to: C:\ST\STM32CubeIDE_1.7.0\STM32CubeIDE\plugins\com.st.stm32cube.common.mx_6.6.1.202207061420\\db\/plugins/mcufinder/images/
2022-10-24 21:40:51,953 [WARN] DbFile:40 - Overriding database path with different value: C:\Users\HP\.stmcufinder\plugins\mcufinder/ => C:\Users\HP\.stmcufinder\plugins\mcufinder
2022-10-24 21:40:51,953 [INFO] ApiDb:249 - Set database path to: C:\Users\HP\.stmcufinder\plugins\mcufinder//mcu/
2022-10-24 21:40:51,953 [WARN] DbFile:40 - Overriding database path with different value: C:\Users\HP\.stmcufinder\plugins\mcufinder/ => C:\Users\HP\.stmcufinder\plugins\mcufinder
2022-10-24 21:40:51,953 [INFO] DbMcusAds:124 - Set database path to: C:\Users\HP\.stmcufinder\plugins\mcufinder//mcu/
2022-10-24 21:40:51,954 [WARN] DbFile:40 - Overriding database path with different value: C:\Users\HP\.stmcufinder\plugins\mcufinder/ => C:\Users\HP\.stmcufinder\plugins\mcufinder
2022-10-24 21:40:51,954 [WARN] DbFile:40 - Overriding database path with different value: C:\Users\HP\.stmcufinder\plugins\mcufinder/ => C:\Users\HP\.stmcufinder\plugins\mcufinder
2022-10-24 21:40:52,808 [INFO] CrossReferenceDbSqlite:201 - Set database path to: C:\Users\HP\.stmcufinder\plugins\mcufinder//mcu/cs/
2022-10-24 21:40:52,829 [INFO] ApplicationProperties:181 - Using Application install path: C:\ST\STM32CubeIDE_1.7.0\STM32CubeIDE\plugins\com.st.stm32cube.common.mx_6.6.1.202207061420
2022-10-24 21:40:52,830 [INFO] PluginManage:193 - Search for loadable plugins [exclusion list=, ]
2022-10-24 21:40:52,832 [INFO] PluginManage:307 - Check plugin analytics
2022-10-24 21:40:58,411 [INFO] AnalyticsPlugin:262 - Accepted Software Licenses: 
2022-10-24 21:40:58,411 [INFO] AnalyticsPlugin:264 - Accepted CMSIS Pack Licenses: 
2022-10-24 21:40:58,412 [INFO] AnalyticsPlugin:266 - Accepted Firmware Licenses: 
2022-10-24 21:40:58,425 [INFO] PluginManage:356 - Loaded plugin analytics (category:tool,tabindex:-1)
2022-10-24 21:40:58,425 [INFO] PluginManage:307 - Check plugin cadmodel
2022-10-24 21:40:58,438 [INFO] CADModel:65 - Init CAD model plugin
2022-10-24 21:40:58,439 [INFO] PluginManage:356 - Loaded plugin cadmodel (category:power,tabindex:5)
2022-10-24 21:40:58,439 [INFO] PluginManage:307 - Check plugin clock
2022-10-24 21:40:58,461 [INFO] PluginManage:356 - Loaded plugin clock (category:base,tabindex:2)
2022-10-24 21:40:58,461 [INFO] PluginManage:307 - Check plugin ddr
2022-10-24 21:40:58,464 [INFO] PluginManage:356 - Loaded plugin ddr (category:tool,tabindex:6)
2022-10-24 21:40:58,464 [INFO] PluginManage:307 - Check plugin filemanager
2022-10-24 21:40:58,613 [INFO] PluginManage:356 - Loaded plugin filemanager (category:base,tabindex:10)
2022-10-24 21:40:58,613 [INFO] PluginManage:307 - Check plugin ipmanager
2022-10-24 21:40:58,622 [INFO] PluginManage:356 - Loaded plugin ipmanager (category:base,tabindex:5)
2022-10-24 21:40:58,622 [INFO] PluginManage:307 - Check plugin lpbam
2022-10-24 21:40:58,639 [INFO] PluginManage:356 - Loaded plugin lpbam (category:base,tabindex:0)
2022-10-24 21:40:58,640 [INFO] PluginManage:307 - Check plugin pinoutandconfiguration
2022-10-24 21:40:58,656 [INFO] PluginManage:356 - Loaded plugin pinoutandconfiguration (category:base,tabindex:1)
2022-10-24 21:40:58,656 [INFO] PluginManage:307 - Check plugin pinoutconfig
2022-10-24 21:40:58,696 [INFO] PluginManage:356 - Loaded plugin pinoutconfig (category:base,tabindex:0)
2022-10-24 21:40:58,696 [INFO] PluginManage:307 - Check plugin power
2022-10-24 21:40:58,711 [INFO] PluginManage:356 - Loaded plugin power (category:power,tabindex:4)
2022-10-24 21:40:58,711 [INFO] PluginManage:307 - Check plugin projectmanager
2022-10-24 21:40:58,727 [INFO] PluginManage:356 - Loaded plugin projectmanager (category:projectmanager,tabindex:3)
2022-10-24 21:40:58,728 [INFO] PluginManage:307 - Check plugin thirdparty
2022-10-24 21:40:58,964 [WARN] IntegrityCheckThread:82 - waiting for thirdparty lock release [integrity check]
2022-10-24 21:40:58,964 [INFO] PluginManage:356 - Loaded plugin thirdparty (category:base,tabindex:-1)
2022-10-24 21:40:58,965 [INFO] IntegrityCheckThread:84 - entering critical section [integrity check]
2022-10-24 21:40:58,965 [INFO] PluginManage:307 - Check plugin tools
2022-10-24 21:40:58,967 [INFO] ThirdPartyUpdaterWithRetryManager:70 - Updater plugin not ready yet. [1/15]
2022-10-24 21:40:58,990 [INFO] PluginManage:356 - Loaded plugin tools (category:base,tabindex:7)
2022-10-24 21:40:58,991 [INFO] PluginManage:307 - Check plugin tutovideos
2022-10-24 21:40:59,218 [INFO] PluginManage:356 - Loaded plugin tutovideos (category:base,tabindex:-1)
2022-10-24 21:40:59,218 [INFO] PluginManage:307 - Check plugin updater
2022-10-24 21:40:59,231 [INFO] PluginManage:356 - Loaded plugin updater (category:base,tabindex:12)
2022-10-24 21:40:59,232 [INFO] PluginManage:280 - PluginManage : Loaded plugins [15]
2022-10-24 21:40:59,531 [INFO] PinOutPanel:1468 - setPackage(No Configuration,No Configuration)
2022-10-24 21:40:59,604 [INFO] CADModel:98 - CPN selected for project level
2022-10-24 21:40:59,628 [INFO] IPUIPlugin:79 - create IPUIPlugin
2022-10-24 21:40:59,628 [INFO] PluginManager:217 - loadIPPluginJar : add adc
2022-10-24 21:40:59,658 [INFO] IPUIPlugin:79 - create IPUIPlugin
2022-10-24 21:40:59,658 [INFO] PluginManager:217 - loadIPPluginJar : add aes
2022-10-24 21:40:59,692 [INFO] IPUIPlugin:79 - create IPUIPlugin
2022-10-24 21:40:59,692 [INFO] PluginManager:217 - loadIPPluginJar : add can
2022-10-24 21:40:59,709 [INFO] IPUIPlugin:79 - create IPUIPlugin
2022-10-24 21:40:59,709 [INFO] PluginManager:217 - loadIPPluginJar : add comp
2022-10-24 21:40:59,736 [INFO] IPUIPlugin:79 - create IPUIPlugin
2022-10-24 21:40:59,736 [INFO] PluginManager:217 - loadIPPluginJar : add cryp
2022-10-24 21:40:59,761 [INFO] IPUIPlugin:79 - create IPUIPlugin
2022-10-24 21:40:59,761 [INFO] PluginManager:217 - loadIPPluginJar : add dfsdm
2022-10-24 21:40:59,775 [INFO] IPUIPlugin:79 - create IPUIPlugin
2022-10-24 21:40:59,775 [INFO] PluginManager:217 - loadIPPluginJar : add dma
2022-10-24 21:40:59,823 [INFO] IPUIPlugin:79 - create IPUIPlugin
2022-10-24 21:40:59,823 [INFO] PluginManager:217 - loadIPPluginJar : add dma3
2022-10-24 21:40:59,839 [INFO] IPUIPlugin:79 - create IPUIPlugin
2022-10-24 21:40:59,840 [INFO] PluginManager:217 - loadIPPluginJar : add fatfs
2022-10-24 21:40:59,880 [INFO] IPUIPlugin:79 - create IPUIPlugin
2022-10-24 21:40:59,881 [INFO] PluginManager:217 - loadIPPluginJar : add fmc
2022-10-24 21:40:59,893 [INFO] IPUIPlugin:79 - create IPUIPlugin
2022-10-24 21:40:59,894 [INFO] PluginManager:217 - loadIPPluginJar : add freertos
2022-10-24 21:40:59,910 [INFO] IPUIPlugin:79 - create IPUIPlugin
2022-10-24 21:40:59,910 [INFO] PluginManager:217 - loadIPPluginJar : add genericplugin
2022-10-24 21:40:59,979 [INFO] IPUIPlugin:79 - create IPUIPlugin
2022-10-24 21:40:59,979 [INFO] PluginManager:217 - loadIPPluginJar : add gfxmmu
2022-10-24 21:41:00,083 [INFO] IPUIPlugin:79 - create IPUIPlugin
2022-10-24 21:41:00,084 [INFO] PluginManager:217 - loadIPPluginJar : add gic
2022-10-24 21:41:00,093 [INFO] IPUIPlugin:79 - create IPUIPlugin
2022-10-24 21:41:00,093 [INFO] PluginManager:217 - loadIPPluginJar : add gpio
2022-10-24 21:41:00,159 [INFO] IPUIPlugin:79 - create IPUIPlugin
2022-10-24 21:41:00,159 [INFO] PluginManager:217 - loadIPPluginJar : add gtzc
2022-10-24 21:41:00,184 [INFO] IPUIPlugin:79 - create IPUIPlugin
2022-10-24 21:41:00,184 [INFO] PluginManager:217 - loadIPPluginJar : add hash
2022-10-24 21:41:00,222 [INFO] IPUIPlugin:79 - create IPUIPlugin
2022-10-24 21:41:00,222 [INFO] PluginManager:217 - loadIPPluginJar : add i2c
2022-10-24 21:41:00,252 [INFO] IPUIPlugin:79 - create IPUIPlugin
2022-10-24 21:41:00,252 [INFO] PluginManager:217 - loadIPPluginJar : add i2s
2022-10-24 21:41:00,335 [INFO] IPUIPlugin:79 - create IPUIPlugin
2022-10-24 21:41:00,336 [INFO] PluginManager:217 - loadIPPluginJar : add ipddr
2022-10-24 21:41:00,401 [INFO] IPUIPlugin:79 - create IPUIPlugin
2022-10-24 21:41:00,402 [INFO] PluginManager:217 - loadIPPluginJar : add linkedlist
2022-10-24 21:41:00,426 [INFO] IPUIPlugin:79 - create IPUIPlugin
2022-10-24 21:41:00,426 [INFO] PluginManager:217 - loadIPPluginJar : add lorawan
2022-10-24 21:41:00,452 [INFO] IPUIPlugin:79 - create IPUIPlugin
2022-10-24 21:41:00,452 [INFO] PluginManager:217 - loadIPPluginJar : add ltdc
2022-10-24 21:41:00,463 [INFO] IPUIPlugin:79 - create IPUIPlugin
2022-10-24 21:41:00,463 [INFO] PluginManager:217 - loadIPPluginJar : add mdma
2022-10-24 21:41:00,472 [INFO] IPUIPlugin:79 - create IPUIPlugin
2022-10-24 21:41:00,473 [INFO] PluginManager:217 - loadIPPluginJar : add nvic
2022-10-24 21:41:00,498 [INFO] IPUIPlugin:79 - create IPUIPlugin
2022-10-24 21:41:00,498 [INFO] PluginManager:217 - loadIPPluginJar : add opamp
2022-10-24 21:41:00,542 [INFO] IPUIPlugin:79 - create IPUIPlugin
2022-10-24 21:41:00,542 [INFO] PluginManager:217 - loadIPPluginJar : add openamp
2022-10-24 21:41:00,572 [INFO] IPUIPlugin:79 - create IPUIPlugin
2022-10-24 21:41:00,572 [INFO] PluginManager:217 - loadIPPluginJar : add pdm2pcm
2022-10-24 21:41:00,586 [INFO] IPUIPlugin:79 - create IPUIPlugin
2022-10-24 21:41:00,589 [INFO] PluginManager:217 - loadIPPluginJar : add plateformsettings
2022-10-24 21:41:00,605 [INFO] IPUIPlugin:79 - create IPUIPlugin
2022-10-24 21:41:00,605 [INFO] PluginManager:217 - loadIPPluginJar : add quadspi
2022-10-24 21:41:00,618 [INFO] IPUIPlugin:79 - create IPUIPlugin
2022-10-24 21:41:00,618 [INFO] PluginManager:217 - loadIPPluginJar : add resmgrutility
2022-10-24 21:41:00,669 [INFO] IPUIPlugin:79 - create IPUIPlugin
2022-10-24 21:41:00,669 [INFO] PluginManager:217 - loadIPPluginJar : add sai
2022-10-24 21:41:00,695 [INFO] IPUIPlugin:79 - create IPUIPlugin
2022-10-24 21:41:00,695 [INFO] PluginManager:217 - loadIPPluginJar : add spi
2022-10-24 21:41:00,735 [INFO] IPUIPlugin:79 - create IPUIPlugin
2022-10-24 21:41:00,736 [INFO] PluginManager:217 - loadIPPluginJar : add stm32_wpan
2022-10-24 21:41:00,754 [INFO] IPUIPlugin:79 - create IPUIPlugin
2022-10-24 21:41:00,754 [INFO] PluginManager:217 - loadIPPluginJar : add tim
2022-10-24 21:41:00,797 [INFO] IPUIPlugin:79 - create IPUIPlugin
2022-10-24 21:41:00,797 [INFO] PluginManager:217 - loadIPPluginJar : add touchsensing
2022-10-24 21:41:00,814 [INFO] IPUIPlugin:79 - create IPUIPlugin
2022-10-24 21:41:00,814 [INFO] PluginManager:217 - loadIPPluginJar : add tracer_emb
2022-10-24 21:41:00,831 [INFO] IPUIPlugin:79 - create IPUIPlugin
2022-10-24 21:41:00,831 [INFO] PluginManager:217 - loadIPPluginJar : add ts
2022-10-24 21:41:00,846 [INFO] IPUIPlugin:79 - create IPUIPlugin
2022-10-24 21:41:00,846 [INFO] PluginManager:217 - loadIPPluginJar : add tsc
2022-10-24 21:41:00,861 [INFO] IPUIPlugin:79 - create IPUIPlugin
2022-10-24 21:41:00,862 [INFO] PluginManager:217 - loadIPPluginJar : add ucpd
2022-10-24 21:41:00,893 [INFO] IPUIPlugin:79 - create IPUIPlugin
2022-10-24 21:41:00,893 [INFO] PluginManager:217 - loadIPPluginJar : add usart
2022-10-24 21:41:00,925 [INFO] IPUIPlugin:79 - create IPUIPlugin
2022-10-24 21:41:00,925 [INFO] PluginManager:217 - loadIPPluginJar : add usbx
2022-10-24 21:41:01,202 [FATAL] Updater:301 - Updater called before beeing initialized
2022-10-24 21:41:01,329 [FATAL] Updater:301 - Updater called before beeing initialized
2022-10-24 21:41:01,343 [INFO] DbMcusAds:52 - JSON generation date=Thu Sep 30 13:55:09 ICT 2021 (1632984909247)
2022-10-24 21:41:01,344 [FATAL] Updater:301 - Updater called before beeing initialized
2022-10-24 21:41:01,416 [WARN] DetailPanel:344 - Failed to get advertising image, set to default
2022-10-24 21:41:01,534 [FATAL] Updater:301 - Updater called before beeing initialized
2022-10-24 21:41:01,535 [FATAL] Updater:301 - Updater called before beeing initialized
2022-10-24 21:41:01,536 [FATAL] Updater:301 - Updater called before beeing initialized
2022-10-24 21:41:01,536 [WARN] DetailPanel:344 - Failed to get advertising image, set to default
2022-10-24 21:41:01,537 [FATAL] Updater:301 - Updater called before beeing initialized
2022-10-24 21:41:01,588 [ERROR] Updater:1105 - MainUpdater not yet initialized. External WinMGr cannot be set.
2022-10-24 21:41:01,595 [INFO] Updater:1041 - Updater Version found : 6.6.1
2022-10-24 21:41:01,610 [INFO] ApplicationProperties:181 - Using Application install path: C:\ST\STM32CubeIDE_1.7.0\STM32CubeIDE\plugins\com.st.stm32cube.common.mx_6.6.1.202207061420
2022-10-24 21:41:01,736 [INFO] MainUpdater:2768 - connection check result : 10
2022-10-24 21:41:01,737 [INFO] MainUpdater:280 - Updater Check For Update Now.
2022-10-24 21:41:01,737 [INFO] MicroXplorer:481 - Change Database Version : DB.6.0.60
2022-10-24 21:41:01,948 [INFO] CheckServerUpdateThread:119 - End of CheckServer Thread
2022-10-24 21:41:02,125 [WARN] PackLoader:242 - Cannot read IP mode file for STMicroelectronics.X-CUBE-GNSS1.6.0.0
2022-10-24 21:41:02,180 [WARN] PackLoader:242 - Cannot read IP mode file for STMicroelectronics.X-CUBE-AZRTOS-F4.1.1.0
2022-10-24 21:41:02,198 [INFO] MainUpdater:2768 - connection check result : 10
2022-10-24 21:41:02,250 [WARN] PackLoader:242 - Cannot read IP mode file for STMicroelectronics.X-CUBE-BLEMGR.1.2.0
2022-10-24 21:41:02,260 [INFO] McuFinderGlobals:57 - Set McuFinderConnectedMode to true
2022-10-24 21:41:02,341 [WARN] PackLoader:242 - Cannot read IP mode file for STMicroelectronics.X-CUBE-AZRTOS-F7.1.1.0
2022-10-24 21:41:02,448 [INFO] ServerAccessManage:474 - Download File mcusAds.json._tmp_
2022-10-24 21:41:02,531 [WARN] PackLoader:242 - Cannot read IP mode file for STMicroelectronics.X-CUBE-BLE1.6.2.3
2022-10-24 21:41:02,559 [WARN] PackLoader:242 - Cannot read IP mode file for STMicroelectronics.X-CUBE-NFC4.2.0.4
2022-10-24 21:41:02,614 [WARN] PackLoader:242 - Cannot read IP mode file for STMicroelectronics.X-CUBE-TOF1.3.1.0
2022-10-24 21:41:02,640 [INFO] LoadUrlFilesThread:150 - End of LoadUrlFiles Thread
2022-10-24 21:41:02,658 [WARN] PackLoader:242 - Cannot read IP mode file for wolfSSL.I-CUBE-wolfSSL.5.5.0
2022-10-24 21:41:02,734 [INFO] ServerAccessManage:474 - Download File cube-finder-db.zip
2022-10-24 21:41:02,774 [WARN] PackLoader:242 - Cannot read IP mode file for STMicroelectronics.X-CUBE-NFC7.1.0.0
2022-10-24 21:41:02,952 [WARN] PackLoader:242 - Cannot read IP mode file for STMicroelectronics.X-CUBE-MEMS1.9.3.0
2022-10-24 21:41:03,381 [WARN] PackLoader:242 - Cannot read IP mode file for STMicroelectronics.X-CUBE-AI.7.2.0
2022-10-24 21:41:03,430 [WARN] PackLoader:242 - Cannot read IP mode file for STMicroelectronics.X-CUBE-SFXS2LP1.4.0.0
2022-10-24 21:41:03,469 [WARN] PackLoader:242 - Cannot read IP mode file for STMicroelectronics.X-CUBE-BLE2.3.3.0
2022-10-24 21:41:03,495 [WARN] PackLoader:242 - Cannot read IP mode file for STMicroelectronics.X-CUBE-DISPLAY.2.2.0
2022-10-24 21:41:03,561 [WARN] PackLoader:242 - Cannot read IP mode file for STMicroelectronics.X-CUBE-TOF1.3.2.0
2022-10-24 21:41:03,584 [WARN] PackLoader:242 - Cannot read IP mode file for STMicroelectronics.X-CUBE-ISPU.1.0.0
2022-10-24 21:41:03,603 [WARN] PackLoader:242 - Cannot read IP mode file for RoweBots.I-CUBE-UNISONRTOS.5.5.0-4
2022-10-24 21:41:03,753 [WARN] PackLoader:242 - Cannot read IP mode file for STMicroelectronics.X-CUBE-AZRTOS-H7.2.1.0
2022-10-24 21:41:03,811 [WARN] PackLoader:242 - Cannot read IP mode file for STMicroelectronics.X-CUBE-BLEMGR.1.0.0
2022-10-24 21:41:03,899 [WARN] PackLoader:242 - Cannot read IP mode file for STMicroelectronics.X-CUBE-ALGOBUILD.1.3.0
2022-10-24 21:41:03,949 [WARN] PackLoader:242 - Cannot read IP mode file for STMicroelectronics.X-CUBE-AZRTOS-G0.1.1.0
2022-10-24 21:41:04,009 [WARN] PackLoader:242 - Cannot read IP mode file for STMicroelectronics.X-CUBE-SUBG2.5.0.0
2022-10-24 21:41:04,175 [WARN] PackLoader:242 - Cannot read IP mode file for SEGGER.I-CUBE-embOS.1.2.0
2022-10-24 21:41:04,240 [INFO] FileExtend:239 - Unzip File : cube-finder-db.zip
2022-10-24 21:41:04,241 [INFO] FileExtend:254 - Standard Zip Deflate
2022-10-24 21:41:04,264 [WARN] PackLoader:242 - Cannot read IP mode file for STMicroelectronics.FP-ATR-ASTRA1.1.1.1
2022-10-24 21:41:04,288 [WARN] PackLoader:242 - Cannot read IP mode file for STMicroelectronics.X-CUBE-AZRTOS-G4.1.0.0
2022-10-24 21:41:04,307 [WARN] PackLoader:242 - Cannot read IP mode file for STMicroelectronics.FP-ATR-SIGFOX1.3.2.0
2022-10-24 21:41:04,337 [WARN] PackLoader:242 - Cannot read IP mode file for STMicroelectronics.X-CUBE-AZRTOS-L4.1.0.0
2022-10-24 21:41:04,358 [WARN] PackLoader:242 - Cannot read IP mode file for emotas.I-CUBE-CANOPEN.1.1.2
2022-10-24 21:41:04,372 [WARN] PackLoader:242 - Cannot read IP mode file for STMicroelectronics.X-CUBE-TOUCHGFX.4.20.0
2022-10-24 21:41:04,395 [WARN] PackLoader:242 - Cannot read IP mode file for STMicroelectronics.X-CUBE-AZRTOS-WL.1.0.0
2022-10-24 21:41:04,409 [WARN] PackLoader:242 - Cannot read IP mode file for portGmbH.I-Cube-SoM-uGOAL.1.1.0
2022-10-24 21:41:04,422 [WARN] PackLoader:242 - Cannot read IP mode file for STMicroelectronics.X-CUBE-ALS.1.0.1
2022-10-24 21:41:04,456 [WARN] PackLoader:242 - Cannot read IP mode file for STMicroelectronics.X-CUBE-AZRTOS-L5.1.0.0
2022-10-24 21:41:04,472 [WARN] PackLoader:242 - Cannot read IP mode file for STMicroelectronics.X-CUBE-EEPRMA1.3.1.1
2022-10-24 21:41:04,474 [INFO] ThirdParty:929 - Integrity check success = true
2022-10-24 21:41:04,475 [INFO] IntegrityCheckThread:98 - exiting critical section [integrity check]
2022-10-24 21:41:04,476 [INFO] IntegrityCheckThread:101 - End integrity checks thread
2022-10-24 21:41:04,994 [INFO] LoadUrlFilesThread:150 - End of LoadUrlFiles Thread
2022-10-24 21:41:08,135 [INFO] ServerAccessManage:474 - Download File crdb.zip
2022-10-24 21:41:09,283 [ERROR] LogOutputStream:74 - [STDERR_REDIRECT] SLF4J: Failed to load class "org.slf4j.impl.StaticLoggerBinder".
2022-10-24 21:41:09,284 [ERROR] LogOutputStream:74 - [STDERR_REDIRECT] SLF4J: Defaulting to no-operation (NOP) logger implementation
2022-10-24 21:41:09,286 [ERROR] LogOutputStream:74 - [STDERR_REDIRECT] SLF4J: See http://www.slf4j.org/codes.html#StaticLoggerBinder for further details.
2022-10-24 21:41:10,643 [INFO] FileExtend:239 - Unzip File : crdb.zip
2022-10-24 21:41:10,644 [INFO] FileExtend:254 - Standard Zip Deflate
2022-10-24 21:41:10,780 [INFO] LoadUrlFilesThread:150 - End of LoadUrlFiles Thread
2022-10-24 21:41:10,885 [INFO] ServerAccessManage:474 - Download File tutoVideoDB.zip
2022-10-24 21:41:10,932 [INFO] FileExtend:239 - Unzip File : tutoVideoDB.zip
2022-10-24 21:41:10,933 [INFO] FileExtend:254 - Standard Zip Deflate
2022-10-24 21:41:11,047 [INFO] LoadUrlFilesThread:150 - End of LoadUrlFiles Thread
2022-10-24 21:41:11,058 [INFO] JxBrowserEngine:106 - Initiate JxBrowser Engine with user profile folder
2022-10-24 21:41:11,252 [ERROR] JxBrowserEngine:59 - Can't initiate JxBrowser engine com.teamdev.jxbrowser.engine.ChromiumBinariesExtractionException: Failed to extract Chromium binaries into C:\Users\HP\.stm32cubemx\.jxbrowser\Chromium
2022-10-24 21:41:11,252 [WARN] DbFile:40 - Overriding database path with different value: C:\Users\HP\.stmcufinder\plugins\mcufinder/ => C:\Users\HP\.stmcufinder\plugins\mcufinder
2022-10-24 21:41:12,046 [INFO] ServerAccessManage:474 - Download File api_config.json
2022-10-24 21:41:12,168 [INFO] LoadUrlFilesThread:150 - End of LoadUrlFiles Thread
2022-10-24 21:41:12,169 [INFO] DbMcusAds:52 - JSON generation date=Thu Sep 30 13:56:37 ICT 2021 (1632984997303)
2022-10-24 21:41:12,200 [INFO] LoadUrlFilesThread:177 - End of LoadServerUrlFiles without Thread
2022-10-24 21:41:12,201 [INFO] TargetSelectorAdapter:228 - Refresh data is successful
2022-10-24 21:41:12,288 [INFO] ApiDb:576 - Connected to CubeFinder SQLite database (C:\Users\HP\.stmcufinder\plugins\mcufinder\mcu\cube-finder-db.db)
2022-10-24 21:41:12,311 [INFO] ApiDb:663 - CubeFinder database Data Model version=2.1
2022-10-24 21:41:12,311 [INFO] ApiDb:664 - CubeFinder database Configuration version=3.0.32
2022-10-24 21:41:12,311 [INFO] ApiDb:665 - CubeFinder database generation date=2022-08-05 (1659688109)
2022-10-24 21:41:12,311 [INFO] ApiDb:666 - CubeFinder database FW Pack versions=[STM32Cube_FW_C0_V1.0.0, STM32Cube_FW_F4_V1.27.1, STM32Cube_FW_F7_V1.17.0, STM32Cube_FW_G0_V1.6.1, STM32Cube_FW_G4_V1.5.0, STM32Cube_FW_H7_V1.10.0, STM32Cube_FW_L5_V1.4.0, STM32Cube_FW_U5_V1.1.1, STM32Cube_FW_WB_V1.14.1, STM32Cube_FW_WL_V1.2.0, X-CUBE-ALGOBUILD_V1.3.0, X-CUBE-ALS_V1.0.1, X-CUBE-AZRTOS-F4_V1.1.0, X-CUBE-AZRTOS-F7_V1.1.0, X-CUBE-AZRTOS-G0_V1.1.0, X-CUBE-AZRTOS-G4_V1.0.0, X-CUBE-AZRTOS-H7_V2.1.0, X-CUBE-AZRTOS-L4_V1.0.0, X-CUBE-AZRTOS-L5_V1.0.0, X-CUBE-AZRTOS-WL_V1.0.0, X-CUBE-BLE1_V6.2.3, X-CUBE-BLE2_V3.3.0, X-CUBE-EEPRMA1_V3.1.1, X-CUBE-GNSS1_V6.0.0, X-CUBE-MEMS1_V9.1.0, X-CUBE-MEMS1_V9.3.0, X-CUBE-NFC4_V2.0.4, X-CUBE-NFC7_V1.0.0, X-CUBE-SFXS2LP1_V4.0.0, X-CUBE-SUBG2_V5.0.0]
2022-10-24 21:41:14,026 [INFO] ApiDb:239 - Found 138 in-development CPN: [B-WB1M-WPAN1, NUCLEO-C031C6, STEVAL-STWINBX1, STM320518-EVAL, STM32C0116-DK, STM32C011D6Y3TR, STM32C011D6Y6TR, STM32C011F4P3, STM32C011F4P6, STM32C011F4U3, STM32C011F4U6TR, STM32C011F6P3, STM32C011F6P6, STM32C011F6U3, STM32C011F6U6TR, STM32C011J4M3, STM32C011J4M6, STM32C011J6M3, STM32C011J6M6, STM32C0316-DK, STM32C031C4T3, STM32C031C4T6, STM32C031C4U3, STM32C031C4U6, STM32C031C6T3, STM32C031C6T6, STM32C031C6U3, STM32C031C6U6, STM32C031F4P3, STM32C031F4P6, STM32C031F6P3, STM32C031F6P6, STM32C031G4U3, STM32C031G4U6, STM32C031G6U3, STM32C031G6U6, STM32C031K4T3, STM32C031K4T6, STM32C031K4U3, STM32C031K4U6, STM32C031K6T3, STM32C031K6T6, STM32C031K6U3, STM32C031K6U6, STM32G071K8TXN, STM32G071K8UXN, STM32G081GBU6N, STM32G081KBT6N, STM32G081KBUXN, STM32G0B1CCT6N, STM32G0B1KCT6, STM32G0B1NEY6TR, STM32G0B1RCT6N, STM32G0C1CCT6, STM32G0C1CCT6N, STM32G0C1CCU6N, STM32G0C1CET6N, STM32G0C1CEU6N, STM32G0C1KCT6, STM32G0C1NEY6TR, STM32G0C1RCI6N, STM32G0C1RCT6N, STM32G0C1REI6N, STM32G0C1RET6N, STM32G0C1VCI6, STM32G0C1VEI6, STM32G471CCT6, STM32G471CCU6, STM32G471CET3, STM32G471CET6, STM32G471CEU3, STM32G471CEU6, STM32G471MCT6, STM32G471MET3, STM32G471MET6, STM32G471MEY6TR, STM32G471QCT6, STM32G471QET3, STM32G471RCT6, STM32G471RET3, STM32G471RET6, STM32G471VCH6, STM32G471VCI6, STM32G471VCT6, STM32G471VEH3, STM32G471VEH6, STM32G471VEI3, STM32G471VEI6, STM32G471VET3, STM32G471VET6, STM32G474CCT6, STM32L476VGY6PTR, STM32L4R5QGI6STR, STM32MP131AAE3, STM32MP131AAF3, STM32MP131AAG3, STM32MP131CAE3, STM32MP131CAF3, STM32MP131CAG3, STM32MP131DAE7, STM32MP131DAF7, STM32MP131DAG7, STM32MP131FAE7, STM32MP131FAF7, STM32MP131FAG7, STM32MP133AAE3, STM32MP133AAF3, STM32MP133AAG3, STM32MP133CAE3, STM32MP133CAF3, STM32MP133CAG3, STM32MP133DAE7, STM32MP133DAF7, STM32MP133DAG7, STM32MP133FAE7, STM32MP133FAF7, STM32MP133FAG7, STM32MP135AAE3, STM32MP135AAF3, STM32MP135AAG3, STM32MP135CAE3, STM32MP135CAF3, STM32MP135CAG3, STM32MP135DAE7, STM32MP135DAF7, STM32MP135DAG7, STM32MP135F-DK, STM32MP135FAE7, STM32MP135FAF7, STM32MP135FAG7, STM32U595ZJT6Q, STM32U599BJY6QTR, STM32U599NIH6Q, STM32U599NJH6Q, STM32U5A5ZJT6Q, STM32U5A9BJY6QTR, STM32U5A9NJH6Q, STM32WB1MMCH6]
2022-10-24 21:41:14,031 [INFO] DbMcus:215 - Found 3542 MCUs, 3542 are supported
2022-10-24 21:41:14,033 [INFO] ApiDb:418 - Load user favorites file C:\Users\HP/.stm32cubeide/favorites.mcus.txt: 0 item(s)
2022-10-24 21:41:14,034 [INFO] ApiDb:422 - User favorites MCUs=[]
2022-10-24 21:41:14,034 [INFO] DbMcus:221 - Set 0 / 0 favorites MCUs
2022-10-24 21:41:14,038 [INFO] ApiDb:663 - CubeFinder database Data Model version=2.1
2022-10-24 21:41:14,039 [INFO] ApiDb:664 - CubeFinder database Configuration version=3.0.32
2022-10-24 21:41:14,039 [INFO] ApiDb:665 - CubeFinder database generation date=2022-08-05 (1659688109)
2022-10-24 21:41:14,039 [INFO] ApiDb:666 - CubeFinder database FW Pack versions=[STM32Cube_FW_C0_V1.0.0, STM32Cube_FW_F4_V1.27.1, STM32Cube_FW_F7_V1.17.0, STM32Cube_FW_G0_V1.6.1, STM32Cube_FW_G4_V1.5.0, STM32Cube_FW_H7_V1.10.0, STM32Cube_FW_L5_V1.4.0, STM32Cube_FW_U5_V1.1.1, STM32Cube_FW_WB_V1.14.1, STM32Cube_FW_WL_V1.2.0, X-CUBE-ALGOBUILD_V1.3.0, X-CUBE-ALS_V1.0.1, X-CUBE-AZRTOS-F4_V1.1.0, X-CUBE-AZRTOS-F7_V1.1.0, X-CUBE-AZRTOS-G0_V1.1.0, X-CUBE-AZRTOS-G4_V1.0.0, X-CUBE-AZRTOS-H7_V2.1.0, X-CUBE-AZRTOS-L4_V1.0.0, X-CUBE-AZRTOS-L5_V1.0.0, X-CUBE-AZRTOS-WL_V1.0.0, X-CUBE-BLE1_V6.2.3, X-CUBE-BLE2_V3.3.0, X-CUBE-EEPRMA1_V3.1.1, X-CUBE-GNSS1_V6.0.0, X-CUBE-MEMS1_V9.1.0, X-CUBE-MEMS1_V9.3.0, X-CUBE-NFC4_V2.0.4, X-CUBE-NFC7_V1.0.0, X-CUBE-SFXS2LP1_V4.0.0, X-CUBE-SUBG2_V5.0.0]
2022-10-24 21:41:14,097 [INFO] DbBoardsSqlite:227 - include board P-NUCLEO-WB55-NUCLEO as a kit item of type 'Nucleo-64'
2022-10-24 21:41:14,097 [INFO] DbBoardsSqlite:227 - include board P-NUCLEO-WB55-USBDONGLE as a kit item of type 'Nucleo USB Dongle'
2022-10-24 21:41:14,098 [INFO] DbBoardsSqlite:227 - include board STEVAL-IDP005V1 as a kit item of type 'Evaluation Board'
2022-10-24 21:41:14,098 [INFO] DbBoardsSqlite:227 - include board STEVAL-IDP005V2 as a kit item of type 'Evaluation Board'
2022-10-24 21:41:14,109 [INFO] ApiDb:239 - Found 138 in-development CPN: [B-WB1M-WPAN1, NUCLEO-C031C6, STEVAL-STWINBX1, STM320518-EVAL, STM32C0116-DK, STM32C011D6Y3TR, STM32C011D6Y6TR, STM32C011F4P3, STM32C011F4P6, STM32C011F4U3, STM32C011F4U6TR, STM32C011F6P3, STM32C011F6P6, STM32C011F6U3, STM32C011F6U6TR, STM32C011J4M3, STM32C011J4M6, STM32C011J6M3, STM32C011J6M6, STM32C0316-DK, STM32C031C4T3, STM32C031C4T6, STM32C031C4U3, STM32C031C4U6, STM32C031C6T3, STM32C031C6T6, STM32C031C6U3, STM32C031C6U6, STM32C031F4P3, STM32C031F4P6, STM32C031F6P3, STM32C031F6P6, STM32C031G4U3, STM32C031G4U6, STM32C031G6U3, STM32C031G6U6, STM32C031K4T3, STM32C031K4T6, STM32C031K4U3, STM32C031K4U6, STM32C031K6T3, STM32C031K6T6, STM32C031K6U3, STM32C031K6U6, STM32G071K8TXN, STM32G071K8UXN, STM32G081GBU6N, STM32G081KBT6N, STM32G081KBUXN, STM32G0B1CCT6N, STM32G0B1KCT6, STM32G0B1NEY6TR, STM32G0B1RCT6N, STM32G0C1CCT6, STM32G0C1CCT6N, STM32G0C1CCU6N, STM32G0C1CET6N, STM32G0C1CEU6N, STM32G0C1KCT6, STM32G0C1NEY6TR, STM32G0C1RCI6N, STM32G0C1RCT6N, STM32G0C1REI6N, STM32G0C1RET6N, STM32G0C1VCI6, STM32G0C1VEI6, STM32G471CCT6, STM32G471CCU6, STM32G471CET3, STM32G471CET6, STM32G471CEU3, STM32G471CEU6, STM32G471MCT6, STM32G471MET3, STM32G471MET6, STM32G471MEY6TR, STM32G471QCT6, STM32G471QET3, STM32G471RCT6, STM32G471RET3, STM32G471RET6, STM32G471VCH6, STM32G471VCI6, STM32G471VCT6, STM32G471VEH3, STM32G471VEH6, STM32G471VEI3, STM32G471VEI6, STM32G471VET3, STM32G471VET6, STM32G474CCT6, STM32L476VGY6PTR, STM32L4R5QGI6STR, STM32MP131AAE3, STM32MP131AAF3, STM32MP131AAG3, STM32MP131CAE3, STM32MP131CAF3, STM32MP131CAG3, STM32MP131DAE7, STM32MP131DAF7, STM32MP131DAG7, STM32MP131FAE7, STM32MP131FAF7, STM32MP131FAG7, STM32MP133AAE3, STM32MP133AAF3, STM32MP133AAG3, STM32MP133CAE3, STM32MP133CAF3, STM32MP133CAG3, STM32MP133DAE7, STM32MP133DAF7, STM32MP133DAG7, STM32MP133FAE7, STM32MP133FAF7, STM32MP133FAG7, STM32MP135AAE3, STM32MP135AAF3, STM32MP135AAG3, STM32MP135CAE3, STM32MP135CAF3, STM32MP135CAG3, STM32MP135DAE7, STM32MP135DAF7, STM32MP135DAG7, STM32MP135F-DK, STM32MP135FAE7, STM32MP135FAF7, STM32MP135FAG7, STM32U595ZJT6Q, STM32U599BJY6QTR, STM32U599NIH6Q, STM32U599NJH6Q, STM32U5A5ZJT6Q, STM32U5A9BJY6QTR, STM32U5A9NJH6Q, STM32WB1MMCH6]
2022-10-24 21:41:14,200 [INFO] BoardInfo:879 - No configuration file found for board P-NUCLEO-WB55
2022-10-24 21:41:14,201 [INFO] DbBoards:156 - Kit is not supported: P-NUCLEO-WB55
2022-10-24 21:41:14,208 [INFO] BoardInfo:879 - No configuration file found for board STEVAL-BFA001V1B
2022-10-24 21:41:14,208 [INFO] DbBoards:156 - Kit is not supported: STEVAL-BFA001V1B
2022-10-24 21:41:14,210 [INFO] BoardInfo:879 - No configuration file found for board STEVAL-BFA001V2B
2022-10-24 21:41:14,210 [INFO] DbBoards:156 - Kit is not supported: STEVAL-BFA001V2B
2022-10-24 21:41:14,315 [INFO] DbBoards:160 - Found 176 boards, 173 are supported
2022-10-24 21:41:14,321 [INFO] ApiDb:418 - Load user favorites file C:\Users\HP/.stm32cubeide/favorites.boards.txt: 0 item(s)
2022-10-24 21:41:14,321 [INFO] ApiDb:422 - User favorites Boards=[]
2022-10-24 21:41:14,321 [INFO] DbBoards:189 - Set 0 / 0 favorites Boards
2022-10-24 21:41:14,324 [INFO] ApiDb:663 - CubeFinder database Data Model version=2.1
2022-10-24 21:41:14,324 [INFO] ApiDb:664 - CubeFinder database Configuration version=3.0.32
2022-10-24 21:41:14,324 [INFO] ApiDb:665 - CubeFinder database generation date=2022-08-05 (1659688109)
2022-10-24 21:41:14,324 [INFO] ApiDb:666 - CubeFinder database FW Pack versions=[STM32Cube_FW_C0_V1.0.0, STM32Cube_FW_F4_V1.27.1, STM32Cube_FW_F7_V1.17.0, STM32Cube_FW_G0_V1.6.1, STM32Cube_FW_G4_V1.5.0, STM32Cube_FW_H7_V1.10.0, STM32Cube_FW_L5_V1.4.0, STM32Cube_FW_U5_V1.1.1, STM32Cube_FW_WB_V1.14.1, STM32Cube_FW_WL_V1.2.0, X-CUBE-ALGOBUILD_V1.3.0, X-CUBE-ALS_V1.0.1, X-CUBE-AZRTOS-F4_V1.1.0, X-CUBE-AZRTOS-F7_V1.1.0, X-CUBE-AZRTOS-G0_V1.1.0, X-CUBE-AZRTOS-G4_V1.0.0, X-CUBE-AZRTOS-H7_V2.1.0, X-CUBE-AZRTOS-L4_V1.0.0, X-CUBE-AZRTOS-L5_V1.0.0, X-CUBE-AZRTOS-WL_V1.0.0, X-CUBE-BLE1_V6.2.3, X-CUBE-BLE2_V3.3.0, X-CUBE-EEPRMA1_V3.1.1, X-CUBE-GNSS1_V6.0.0, X-CUBE-MEMS1_V9.1.0, X-CUBE-MEMS1_V9.3.0, X-CUBE-NFC4_V2.0.4, X-CUBE-NFC7_V1.0.0, X-CUBE-SFXS2LP1_V4.0.0, X-CUBE-SUBG2_V5.0.0]
2022-10-24 21:41:14,979 [INFO] DbExamplesSqlite:374 - Ignored 31 examples not supported by CubeIDE
2022-10-24 21:41:14,979 [INFO] DbExamplesSqlite:375 - Found 6197 examples active
2022-10-24 21:41:14,979 [INFO] DbExamplesSqlite:376 - Found 89 examples obsolete
2022-10-24 21:41:14,980 [INFO] DbExamplesSqlite:377 - Found 0 examples under development
2022-10-24 21:41:14,980 [INFO] DbExamplesSqlite:378 - Found 76 examples not building
2022-10-24 21:41:14,982 [INFO] DbExamples:124 - Found 6242 examples
2022-10-24 21:41:14,998 [INFO] DbExamples:221 - Found 77 boards with related examples
2022-10-24 21:41:14,999 [INFO] DbExamples:234 - Found 64 MCUs with related examples
2022-10-24 21:41:15,021 [INFO] ApiDb:409 - User favorites file not found: C:\Users\HP/.stm32cubeide/favorites.examples.txt
2022-10-24 21:41:15,021 [INFO] DbExamples:249 - Set 0 / 0 favorites Examples
2022-10-24 21:41:15,634 [INFO] McuFinderGlobals:57 - Set McuFinderConnectedMode to true
2022-10-24 21:41:15,642 [INFO] MultiScanPanel:195 - Auto-refresh data requested => check proxy status ongoing
2022-10-24 21:41:15,645 [INFO] FinderPluginLoader:92 - Searching for filters in installed packs
2022-10-24 21:41:17,541 [INFO] LoadUrlFilesThread:177 - End of LoadServerUrlFiles without Thread
2022-10-24 21:41:17,554 [INFO] DetailPanel:339 - Set advertising image to C:/Users/HP/STM32Cube/Repository/\en.Prom_NBSTM32U50921.jpg
2022-10-24 21:41:18,924 [INFO] ToolPreferences:109 - Table McuList, key=mcufinder_cubeide.mculist: column name not found=IO
2022-10-24 21:41:18,925 [INFO] ToolPreferences:109 - Table McuList, key=mcufinder_cubeide.mculist: column name not found=Freq.
2022-10-24 21:48:29,475 [INFO] MainUpdater:2768 - connection check result : 10
2022-10-24 21:48:29,477 [INFO] MainUpdater:2768 - connection check result : 10
2022-10-24 21:48:29,512 [INFO] MicroXplorer:451 - Change Database Path : 
2022-10-24 21:48:29,512 [INFO] MicroXplorer:481 - Change Database Version : DB.6.0.60
2022-10-24 21:48:29,513 [WARN] ThirdParty:827 - waiting for thirdparty lock release [close project]
2022-10-24 21:48:29,513 [INFO] ThirdParty:829 - entering critical section [close project]
2022-10-24 21:48:29,514 [INFO] ThirdParty:839 - exiting critical section [close project]
2022-10-24 21:48:29,518 [INFO] PinOutPanel:1468 - setPackage(No Configuration,No Configuration)
2022-10-24 21:48:29,524 [INFO] UtilMem:74 - Begin LoadConfig() Used Memory: 446989640 Bytes (510656512)
2022-10-24 21:48:29,526 [INFO] MicroXplorer:451 - Change Database Path : 
2022-10-24 21:48:29,526 [INFO] MicroXplorer:481 - Change Database Version : DB.6.0.60
2022-10-24 21:48:29,526 [INFO] OpenFileManager:307 - Change cursor
2022-10-24 21:48:29,633 [INFO] Mcu:1922 - Initializing MCU STM32F103C6Ux STM32F103C6Ux 
2022-10-24 21:48:29,633 [INFO] Mcu:1935 - No CPN specified => set CPN to STM32F103C6U6A
2022-10-24 21:48:31,401 [INFO] Context:654 - Trying to add GPIOservice into a context  which must be forbidden
2022-10-24 21:48:31,742 [INFO] ImportTextPane:193 - (OptionalMessage_ERROR) Unable to find key (Mcu.ThirdPartyNb) in loaded IOC file
2022-10-24 21:48:31,742 [INFO] ImportTextPane:193 - (OptionalMessage_ERROR) Unable to find key (Mcu.PinsNb) in loaded IOC file
2022-10-24 21:48:31,743 [INFO] ImportTextPane:193 - (OptionalMessage_ERROR) Unable to find key (Mcu.IPNb) in loaded IOC file
2022-10-24 21:48:31,867 [WARN] ApiManager:308 - Cannot register API 'Board Extension:GNSS1A1' from pack STMicroelectronics.X-CUBE-GNSS1.6.0.0: no header file found
2022-10-24 21:48:31,867 [WARN] ApiManager:308 - Cannot register API 'Board Support:Custom' from pack STMicroelectronics.X-CUBE-GNSS1.6.0.0: no header file found
2022-10-24 21:48:31,867 [WARN] ApiManager:308 - Cannot register API 'Data Exchange:lib_gnss' from pack STMicroelectronics.X-CUBE-GNSS1.6.0.0: no header file found
2022-10-24 21:48:31,904 [WARN] ApiManager:308 - Cannot register API 'Wireless:BlueNRG-MS' from pack STMicroelectronics.X-CUBE-BLE1.6.2.3: no header file found
2022-10-24 21:48:31,907 [INFO] RtosManager:488 - Registered RTOS mode: class=CMSIS, group=RTOS, mode=CMSIS_V1, owner=FREERTOS
2022-10-24 21:48:31,907 [INFO] RtosManager:488 - Registered RTOS mode: class=CMSIS, group=RTOS2, mode=CMSIS_V2, owner=FREERTOS
2022-10-24 21:48:31,907 [INFO] RtosManager:488 - Registered RTOS mode: class=RTOS, group=Core, mode=CMSIS_V1, owner=FREERTOS
2022-10-24 21:48:31,907 [INFO] RtosManager:488 - Registered RTOS mode: class=RTOS, group=Core, mode=CMSIS_V2, owner=FREERTOS
2022-10-24 21:48:31,908 [WARN] ModelIntegratedComponent:185 - Missing modes for component STMicroelectronics:FreeRTOS:0.0.1:STMicroelectronics:RTOS:FreeRTOS:Core:::10.2.0:
2022-10-24 21:48:31,924 [WARN] ApiManager:308 - Cannot register API 'Board Extension:S2868A1' from pack STMicroelectronics.X-CUBE-SUBG2.5.0.0: no header file found
2022-10-24 21:48:31,924 [WARN] ApiManager:308 - Cannot register API 'Board Extension:S2868A2' from pack STMicroelectronics.X-CUBE-SUBG2.5.0.0: no header file found
2022-10-24 21:48:31,924 [WARN] ApiManager:308 - Cannot register API 'Board Extension:S2915A1' from pack STMicroelectronics.X-CUBE-SUBG2.5.0.0: no header file found
2022-10-24 21:48:31,934 [WARN] ApiManager:308 - Cannot register API 'Board Extension:NFC04A1' from pack STMicroelectronics.X-CUBE-NFC4.2.0.4: no header file found
2022-10-24 21:48:31,946 [WARN] ModelIntegratedComponent:64 - No mode defined for component null
2022-10-24 21:48:31,946 [WARN] ModelIntegratedComponent:64 - No mode defined for component null
2022-10-24 21:48:31,946 [WARN] ModelIntegratedComponent:64 - No mode defined for component null
2022-10-24 21:48:31,946 [WARN] ModelIntegratedComponent:64 - No mode defined for component null
2022-10-24 21:48:31,946 [WARN] ModelIntegratedComponent:64 - No mode defined for component null
2022-10-24 21:48:31,947 [WARN] ModelIntegratedComponent:64 - No mode defined for component null
2022-10-24 21:48:31,947 [WARN] ModelIntegratedComponent:64 - No mode defined for component null
2022-10-24 21:48:31,947 [WARN] ModelIntegratedComponent:64 - No mode defined for component null
2022-10-24 21:48:31,947 [WARN] ModelIntegratedComponent:64 - No mode defined for component null
2022-10-24 21:48:31,947 [WARN] ModelIntegratedComponent:64 - No mode defined for component null
2022-10-24 21:48:31,947 [WARN] ModelIntegratedComponent:64 - No mode defined for component null
2022-10-24 21:48:31,947 [WARN] ModelIntegratedComponent:64 - No mode defined for component null
2022-10-24 21:48:31,947 [WARN] ModelIntegratedComponent:64 - No mode defined for component null
2022-10-24 21:48:31,947 [WARN] ModelIntegratedComponent:64 - No mode defined for component null
2022-10-24 21:48:31,947 [WARN] ModelIntegratedComponent:64 - No mode defined for component null
2022-10-24 21:48:31,947 [WARN] ModelIntegratedComponent:64 - No mode defined for component null
2022-10-24 21:48:31,947 [WARN] ModelIntegratedComponent:64 - No mode defined for component null
2022-10-24 21:48:31,947 [WARN] ModelIntegratedComponent:64 - No mode defined for component null
2022-10-24 21:48:31,947 [WARN] ModelIntegratedComponent:64 - No mode defined for component null
2022-10-24 21:48:31,948 [WARN] ModelIntegratedComponent:64 - No mode defined for component null
2022-10-24 21:48:31,948 [WARN] ModelIntegratedComponent:64 - No mode defined for component null
2022-10-24 21:48:31,948 [WARN] ModelIntegratedComponent:64 - No mode defined for component null
2022-10-24 21:48:31,948 [WARN] ModelIntegratedComponent:64 - No mode defined for component null
2022-10-24 21:48:31,948 [WARN] ModelIntegratedComponent:64 - No mode defined for component null
2022-10-24 21:48:31,948 [WARN] ModelIntegratedComponent:64 - No mode defined for component null
2022-10-24 21:48:31,948 [WARN] ModelIntegratedComponent:64 - No mode defined for component null
2022-10-24 21:48:31,948 [WARN] ModelIntegratedComponent:64 - No mode defined for component null
2022-10-24 21:48:31,948 [WARN] ModelIntegratedComponent:64 - No mode defined for component null
2022-10-24 21:48:31,948 [WARN] ModelIntegratedComponent:64 - No mode defined for component null
2022-10-24 21:48:31,948 [WARN] ModelIntegratedComponent:64 - No mode defined for component null
2022-10-24 21:48:31,948 [WARN] ModelIntegratedComponent:64 - No mode defined for component null
2022-10-24 21:48:31,948 [WARN] ModelIntegratedComponent:64 - No mode defined for component null
2022-10-24 21:48:31,948 [WARN] ModelIntegratedComponent:64 - No mode defined for component null
2022-10-24 21:48:31,952 [WARN] ApiManager:308 - Cannot register API 'Board Extension:NFC07A1' from pack STMicroelectronics.X-CUBE-NFC7.1.0.0: no header file found
2022-10-24 21:48:32,351 [WARN] ApiManager:308 - Cannot register API 'Board Extension:IKS01A3' from pack STMicroelectronics.X-CUBE-MEMS1.9.3.0: no header file found
2022-10-24 21:48:32,351 [WARN] ApiManager:308 - Cannot register API 'Board Extension:IKS01A2' from pack STMicroelectronics.X-CUBE-MEMS1.9.3.0: no header file found
2022-10-24 21:48:32,351 [WARN] ApiManager:308 - Cannot register API 'Board Extension:IKS02A1' from pack STMicroelectronics.X-CUBE-MEMS1.9.3.0: no header file found
2022-10-24 21:48:32,378 [WARN] ApiManager:308 - Cannot register API 'Board Extension:EEPRMA1' from pack STMicroelectronics.X-CUBE-EEPRMA1.3.1.1: no header file found
2022-10-24 21:48:32,378 [WARN] ApiManager:308 - Cannot register API 'Board Extension:EEPRMA2' from pack STMicroelectronics.X-CUBE-EEPRMA1.3.1.1: no header file found
2022-10-24 21:48:32,380 [WARN] ApiManager:308 - Cannot register API 'Board Extension:S2868A1' from pack STMicroelectronics.X-CUBE-SFXS2LP1.4.0.0: no header file found
2022-10-24 21:48:32,380 [WARN] ApiManager:308 - Cannot register API 'Board Extension:S2868A2' from pack STMicroelectronics.X-CUBE-SFXS2LP1.4.0.0: no header file found
2022-10-24 21:48:32,380 [WARN] ApiManager:308 - Cannot register API 'Board Extension:S2915A1' from pack STMicroelectronics.X-CUBE-SFXS2LP1.4.0.0: no header file found
2022-10-24 21:48:32,381 [WARN] ApiManager:308 - Cannot register API 'Wireless:BlueNRG-2' from pack STMicroelectronics.X-CUBE-BLE2.3.3.0: no header file found
2022-10-24 21:48:32,401 [INFO] ThirdPartyModel:289 - Start build external matchings
2022-10-24 21:48:33,249 [INFO] ThirdPartyModel:302 - End build external matchings
2022-10-24 21:48:33,500 [INFO] UtilMem:74 - End LoadConfig() Used Memory: 447812752 Bytes (510656512)
2022-10-24 21:48:33,538 [WARN] ThirdParty:789 - waiting for thirdparty lock release [change project]
2022-10-24 21:48:33,539 [INFO] ThirdParty:791 - entering critical section [change project]
2022-10-24 21:48:33,540 [INFO] ThirdParty:981 - CMSIS Pack Vendor :RoweBots I-CUBE-UNISONRTOS 5.5.0-4
2022-10-24 21:48:33,540 [INFO] ThirdParty:981 - CMSIS Pack Vendor :STMicroelectronics X-CUBE-GNSS1 6.0.0
2022-10-24 21:48:33,540 [INFO] ThirdParty:981 - CMSIS Pack Vendor :STMicroelectronics X-CUBE-AZRTOS-H7 2.1.0
2022-10-24 21:48:33,540 [INFO] ThirdParty:981 - CMSIS Pack Vendor :STMicroelectronics USB_HOST 2.0.0
2022-10-24 21:48:33,541 [INFO] ThirdParty:981 - CMSIS Pack Vendor :STMicroelectronics X-CUBE-AZRTOS-F4 1.1.0
2022-10-24 21:48:33,541 [INFO] ThirdParty:981 - CMSIS Pack Vendor :STMicroelectronics LIBJPEG 8.0.0
2022-10-24 21:48:33,541 [INFO] ThirdParty:981 - CMSIS Pack Vendor :STMicroelectronics USB_DEVICE 3.0.0
2022-10-24 21:48:33,541 [INFO] ThirdParty:981 - CMSIS Pack Vendor :STMicroelectronics X-CUBE-BLEMGR 1.0.0
2022-10-24 21:48:33,541 [INFO] ThirdParty:981 - CMSIS Pack Vendor :STMicroelectronics X-CUBE-BLEMGR 1.2.0
2022-10-24 21:48:33,541 [INFO] ThirdParty:981 - CMSIS Pack Vendor :STMicroelectronics X-CUBE-AZRTOS-F7 1.1.0
2022-10-24 21:48:33,541 [INFO] ThirdParty:981 - CMSIS Pack Vendor :STMicroelectronics USB_DEVICE 2.0.0
2022-10-24 21:48:33,541 [INFO] ThirdParty:981 - CMSIS Pack Vendor :STMicroelectronics X-CUBE-BLE1 6.2.3
2022-10-24 21:48:33,541 [INFO] ThirdParty:981 - CMSIS Pack Vendor :STMicroelectronics X-CUBE-ALGOBUILD 1.3.0
2022-10-24 21:48:33,541 [INFO] ThirdParty:981 - CMSIS Pack Vendor :STMicroelectronics FreeRTOS 0.0.1
2022-10-24 21:48:33,541 [INFO] ThirdParty:981 - CMSIS Pack Vendor :STMicroelectronics X-CUBE-AZRTOS-G0 1.1.0
2022-10-24 21:48:33,542 [INFO] ThirdParty:981 - CMSIS Pack Vendor :STMicroelectronics X-CUBE-SUBG2 5.0.0
2022-10-24 21:48:33,542 [INFO] ThirdParty:981 - CMSIS Pack Vendor :SEGGER I-CUBE-embOS 1.2.0
2022-10-24 21:48:33,542 [INFO] ThirdParty:981 - CMSIS Pack Vendor :STMicroelectronics STM32_WPAN 1.0.0
2022-10-24 21:48:33,542 [INFO] ThirdParty:981 - CMSIS Pack Vendor :STMicroelectronics lwIP 2.0.3
2022-10-24 21:48:33,542 [INFO] ThirdParty:981 - CMSIS Pack Vendor :STMicroelectronics X-CUBE-NFC4 2.0.4
2022-10-24 21:48:33,542 [INFO] ThirdParty:981 - CMSIS Pack Vendor :STMicroelectronics USB_HOST 1.0.0
2022-10-24 21:48:33,542 [INFO] ThirdParty:981 - CMSIS Pack Vendor :STMicroelectronics PDM2PCM 3.1.0
2022-10-24 21:48:33,543 [INFO] ThirdParty:981 - CMSIS Pack Vendor :STMicroelectronics FP-ATR-ASTRA1 1.1.1
2022-10-24 21:48:33,543 [INFO] ThirdParty:981 - CMSIS Pack Vendor :STMicroelectronics PDM2PCM 3.3.0
2022-10-24 21:48:33,543 [INFO] ThirdParty:981 - CMSIS Pack Vendor :STMicroelectronics X-CUBE-TOF1 3.1.0
2022-10-24 21:48:33,543 [INFO] ThirdParty:981 - CMSIS Pack Vendor :STMicroelectronics X-CUBE-AZRTOS-G4 1.0.0
2022-10-24 21:48:33,543 [INFO] ThirdParty:981 - CMSIS Pack Vendor :STMicroelectronics FP-ATR-SIGFOX1 3.2.0
2022-10-24 21:48:33,543 [INFO] ThirdParty:981 - CMSIS Pack Vendor :STMicroelectronics X-CUBE-AZRTOS-L4 1.0.0
2022-10-24 21:48:33,543 [INFO] ThirdParty:981 - CMSIS Pack Vendor :wolfSSL I-CUBE-wolfSSL 5.5.0
2022-10-24 21:48:33,544 [INFO] ThirdParty:981 - CMSIS Pack Vendor :STMicroelectronics HAL Drivers 0.0.0
2022-10-24 21:48:33,544 [INFO] ThirdParty:981 - CMSIS Pack Vendor :STMicroelectronics MBEDTLS 2.16.2
2022-10-24 21:48:33,544 [INFO] ThirdParty:981 - CMSIS Pack Vendor :emotas I-CUBE-CANOPEN 1.1.2
2022-10-24 21:48:33,544 [INFO] ThirdParty:981 - CMSIS Pack Vendor :STMicroelectronics X-CUBE-TOUCHGFX 4.20.0
2022-10-24 21:48:33,544 [INFO] ThirdParty:981 - CMSIS Pack Vendor :STMicroelectronics MBEDTLS 2.14.1
2022-10-24 21:48:33,544 [INFO] ThirdParty:981 - CMSIS Pack Vendor :STMicroelectronics X-CUBE-NFC7 1.0.0
2022-10-24 21:48:33,544 [INFO] ThirdParty:981 - CMSIS Pack Vendor :STMicroelectronics X-CUBE-AZRTOS-WL 1.0.0
2022-10-24 21:48:33,544 [INFO] ThirdParty:981 - CMSIS Pack Vendor :STMicroelectronics X-CUBE-MEMS1 9.3.0
2022-10-24 21:48:33,544 [INFO] ThirdParty:981 - CMSIS Pack Vendor :portGmbH I-Cube-SoM-uGOAL 1.1.0
2022-10-24 21:48:33,544 [INFO] ThirdParty:981 - CMSIS Pack Vendor :STMicroelectronics X-CUBE-ALS 1.0.1
2022-10-24 21:48:33,544 [INFO] ThirdParty:981 - CMSIS Pack Vendor :STMicroelectronics X-CUBE-AI 7.2.0
2022-10-24 21:48:33,544 [INFO] ThirdParty:981 - CMSIS Pack Vendor :STMicroelectronics ThreadX 1.0.0
2022-10-24 21:48:33,544 [INFO] ThirdParty:981 - CMSIS Pack Vendor :STMicroelectronics X-CUBE-AZRTOS-L5 1.0.0
2022-10-24 21:48:33,545 [INFO] ThirdParty:981 - CMSIS Pack Vendor :STMicroelectronics USB_DEVICE 1.0.0
2022-10-24 21:48:33,545 [INFO] ThirdParty:981 - CMSIS Pack Vendor :STMicroelectronics X-CUBE-EEPRMA1 3.1.1
2022-10-24 21:48:33,545 [INFO] ThirdParty:981 - CMSIS Pack Vendor :STMicroelectronics ThreadX 0.0.2
2022-10-24 21:48:33,545 [INFO] ThirdParty:981 - CMSIS Pack Vendor :STMicroelectronics lwIP 2.1.2
2022-10-24 21:48:33,545 [INFO] ThirdParty:981 - CMSIS Pack Vendor :STMicroelectronics X-CUBE-SFXS2LP1 4.0.0
2022-10-24 21:48:33,545 [INFO] ThirdParty:981 - CMSIS Pack Vendor :STMicroelectronics X-CUBE-BLE2 3.3.0
2022-10-24 21:48:33,545 [INFO] ThirdParty:981 - CMSIS Pack Vendor :STMicroelectronics X-CUBE-DISPLAY 2.2.0
2022-10-24 21:48:33,545 [INFO] ThirdParty:981 - CMSIS Pack Vendor :STMicroelectronics X-CUBE-TOF1 3.2.0
2022-10-24 21:48:33,545 [INFO] ThirdParty:981 - CMSIS Pack Vendor :STMicroelectronics PDM2PCM 3.2.0
2022-10-24 21:48:33,545 [INFO] ThirdParty:981 - CMSIS Pack Vendor :STMicroelectronics X-CUBE-ISPU 1.0.0
2022-10-24 21:48:33,545 [INFO] ThirdParty:797 - exiting critical section [change project]
2022-10-24 21:48:33,906 [INFO] PinOutPanel:1468 - setPackage(No Configuration,No Configuration)
2022-10-24 21:48:33,910 [INFO] PinOutPanel:1468 - setPackage(STM32F103C6Ux,UFQFPN48)
2022-10-24 21:48:36,309 [INFO] UtilMem:74 - Before build in PCC Used Memory: 476763880 Bytes (573571072)
2022-10-24 21:48:38,108 [INFO] UtilMem:74 - After build in PCC Used Memory: 465934664 Bytes (573571072)
2022-10-24 21:48:38,137 [INFO] IPUIPlugin:79 - create IPUIPlugin
2022-10-24 21:48:38,137 [INFO] IPUIPlugin:79 - create IPUIPlugin
2022-10-24 21:48:38,137 [INFO] IPUIPlugin:79 - create IPUIPlugin
2022-10-24 21:48:38,137 [INFO] IPUIPlugin:79 - create IPUIPlugin
2022-10-24 21:48:38,137 [INFO] IPUIPlugin:79 - create IPUIPlugin
2022-10-24 21:48:38,138 [INFO] IPUIPlugin:79 - create IPUIPlugin
2022-10-24 21:48:38,138 [INFO] IPUIPlugin:79 - create IPUIPlugin
2022-10-24 21:48:38,138 [INFO] IPUIPlugin:79 - create IPUIPlugin
2022-10-24 21:48:38,138 [INFO] IPUIPlugin:79 - create IPUIPlugin
2022-10-24 21:48:38,138 [INFO] IPUIPlugin:79 - create IPUIPlugin
2022-10-24 21:48:38,139 [INFO] IPUIPlugin:79 - create IPUIPlugin
2022-10-24 21:48:38,139 [INFO] IPUIPlugin:79 - create IPUIPlugin
2022-10-24 21:48:38,139 [INFO] IPUIPlugin:79 - create IPUIPlugin
2022-10-24 21:48:38,141 [INFO] IPUIPlugin:79 - create IPUIPlugin
2022-10-24 21:48:38,142 [INFO] IPUIPlugin:79 - create IPUIPlugin
2022-10-24 21:48:38,142 [INFO] IPUIPlugin:79 - create IPUIPlugin
2022-10-24 21:48:38,142 [INFO] IPUIPlugin:79 - create IPUIPlugin
2022-10-24 21:48:38,143 [INFO] IPUIPlugin:79 - create IPUIPlugin
2022-10-24 21:48:38,143 [INFO] IPUIPlugin:79 - create IPUIPlugin
2022-10-24 21:48:38,143 [INFO] IPUIPlugin:79 - create IPUIPlugin
2022-10-24 21:48:38,144 [INFO] IPUIPlugin:79 - create IPUIPlugin
2022-10-24 21:48:38,145 [INFO] IPUIPlugin:79 - create IPUIPlugin
2022-10-24 21:48:38,145 [INFO] IPUIPlugin:79 - create IPUIPlugin
2022-10-24 21:48:38,687 [INFO] OpenFileManager:327 - Restore cursor
2022-10-24 21:48:40,612 [INFO] UtilMem:74 - End SaveConfig() Used Memory: 462469312 Bytes (573571072)
2022-10-24 21:48:40,679 [INFO] UtilMem:74 - End SaveConfig() Used Memory: 471906496 Bytes (573571072)
2022-10-24 21:48:41,330 [INFO] BlockDiagram:2753 - set Specific Code input for plugin: NVIC
2022-10-24 21:48:41,330 [INFO] BlockDiagram:2753 - set Specific Code input for plugin: RCC
2022-10-24 21:48:41,332 [INFO] CodeGenerator:690 - code generatio: config db path: C:\ST\STM32CubeIDE_1.7.0\STM32CubeIDE\plugins\com.st.stm32cube.common.mx_6.6.1.202207061420\\db\
2022-10-24 21:48:42,056 [INFO] CodeEngine:245 - oldGeneratedFile, D:\DAI HOC\HK221\VIXULY\LAB3\ex1\MXTmpFiles\license.tmp_save
2022-10-24 21:48:42,841 [INFO] CodeEngine:269 - Generated code: D:\DAI HOC\HK221\VIXULY\LAB3\ex1\MXTmpFiles\license.tmp
2022-10-24 21:48:42,883 [INFO] CodeEngine:245 - oldGeneratedFile, D:\DAI HOC\HK221\VIXULY\LAB3\ex1\Core\Src\stm32f1xx_it.c_save
2022-10-24 21:48:43,411 [INFO] CodeEngine:269 - Generated code: D:\DAI HOC\HK221\VIXULY\LAB3\ex1\Core\Src\stm32f1xx_it.c
2022-10-24 21:48:43,424 [INFO] CodeEngine:245 - oldGeneratedFile, D:\DAI HOC\HK221\VIXULY\LAB3\ex1\Core\Inc\stm32f1xx_it.h_save
2022-10-24 21:48:43,603 [INFO] CodeEngine:269 - Generated code: D:\DAI HOC\HK221\VIXULY\LAB3\ex1\Core\Inc\stm32f1xx_it.h
2022-10-24 21:48:43,740 [INFO] CodeEngine:245 - oldGeneratedFile, D:\DAI HOC\HK221\VIXULY\LAB3\ex1\Core\Src\stm32f1xx_hal_msp.c_save
2022-10-24 21:48:43,902 [INFO] CodeEngine:269 - Generated code: D:\DAI HOC\HK221\VIXULY\LAB3\ex1\Core\Src\stm32f1xx_hal_msp.c
2022-10-24 21:48:43,910 [INFO] CodeEngine:245 - oldGeneratedFile, D:\DAI HOC\HK221\VIXULY\LAB3\ex1\MXTmpFiles\system.tmp_save
2022-10-24 21:48:44,002 [INFO] CodeEngine:269 - Generated code: D:\DAI HOC\HK221\VIXULY\LAB3\ex1\MXTmpFiles\system.tmp
2022-10-24 21:48:44,017 [INFO] CodeEngine:245 - oldGeneratedFile, D:\DAI HOC\HK221\VIXULY\LAB3\ex1\Core\Inc\stm32f1xx_hal_conf.h_save
2022-10-24 21:48:44,172 [INFO] CodeEngine:269 - Generated code: D:\DAI HOC\HK221\VIXULY\LAB3\ex1\Core\Inc\stm32f1xx_hal_conf.h
2022-10-24 21:48:44,241 [INFO] CodeEngine:245 - oldGeneratedFile, D:\DAI HOC\HK221\VIXULY\LAB3\ex1\Core\Inc\main.h_save
2022-10-24 21:48:44,394 [INFO] CodeEngine:269 - Generated code: D:\DAI HOC\HK221\VIXULY\LAB3\ex1\Core\Inc\main.h
2022-10-24 21:48:44,414 [INFO] CodeEngine:245 - oldGeneratedFile, D:\DAI HOC\HK221\VIXULY\LAB3\ex1\Core\Src\main.c_save
2022-10-24 21:48:44,727 [INFO] CodeEngine:269 - Generated code: D:\DAI HOC\HK221\VIXULY\LAB3\ex1\Core\Src\main.c
2022-10-24 21:48:46,205 [INFO] ProjectBuilder:2919 - Time for Copy HAL[1] : 246mS.
2022-10-24 21:48:46,218 [INFO] ProjectBuilder:4117 - Project Generator version: 3.17.1
2022-10-24 21:48:46,745 [INFO] ConfigFileManager:1394 - The Die is : DIE412
2022-10-24 21:48:46,763 [INFO] ApiDbMcu:505 - Load IP Config File for FATFS
2022-10-24 21:48:46,777 [INFO] ApiDbMcu:505 - Load IP Config File for FREERTOS
2022-10-24 21:48:46,798 [INFO] ApiDbMcu:505 - Load IP Config File for USB_DEVICE
2022-10-24 21:48:51,571 [INFO] ProjectBuilder:4285 - Time for Generating toolchain IDE Files: 5348mS.
2022-10-24 21:48:51,572 [INFO] ProjectBuilder:2790 - Time for Copy CMSIS : 1mS.
2022-10-24 21:48:51,573 [INFO] ProjectBuilder:2790 - Time for Copy CMSIS : 0mS.
2022-10-24 21:48:53,310 [INFO] McuFinderGlobals:57 - Set McuFinderConnectedMode to true
2022-10-24 21:48:53,312 [INFO] ApiDb:443 - Save user favorites file C:\Users\HP/.stm32cubeide/favorites.mcus.txt: 0 item(s)
2022-10-24 21:48:53,313 [INFO] ApiDb:447 - User favorites MCUs=[]
2022-10-24 21:50:15,687 [INFO] NvicIntPanel:100 - NVIC parent = com.st.microxplorer.plugins.ip.nvic.MultiNvicIntPanel[,0,0,0x0,invalid,layout=javax.swing.BoxLayout,alignmentX=0.0,alignmentY=0.0,border=,flags=9,maximumSize=,minimumSize=,preferredSize=]
2022-10-24 21:50:22,273 [INFO] NvicIntPanel:100 - NVIC parent = com.st.microxplorer.plugins.ip.nvic.MultiNvicIntPanel[,0,0,0x0,invalid,layout=javax.swing.BoxLayout,alignmentX=0.0,alignmentY=0.0,border=,flags=9,maximumSize=,minimumSize=,preferredSize=]
2022-10-24 21:50:23,306 [INFO] NvicIntPanel:100 - NVIC parent = com.st.microxplorer.plugins.ip.nvic.MultiNvicIntPanel[,0,0,0x0,invalid,layout=javax.swing.BoxLayout,alignmentX=0.0,alignmentY=0.0,border=,flags=9,maximumSize=,minimumSize=,preferredSize=]
2022-10-24 21:50:31,660 [INFO] Gpio:272 - dependency for GPIO []
2022-10-24 21:50:41,501 [INFO] UtilMem:74 - End SaveConfig() Used Memory: 212472784 Bytes (570425344)
2022-10-24 21:50:42,893 [INFO] UtilMem:74 - End SaveConfig() Used Memory: 403517184 Bytes (570425344)
2022-10-24 21:50:46,518 [INFO] UtilMem:74 - End SaveConfig() Used Memory: 210054272 Bytes (570425344)
2022-10-24 21:50:46,809 [INFO] BlockDiagram:2753 - set Specific Code input for plugin: NVIC
2022-10-24 21:50:46,810 [INFO] BlockDiagram:2753 - set Specific Code input for plugin: GPIO
2022-10-24 21:50:46,810 [INFO] BlockDiagram:2753 - set Specific Code input for plugin: RCC
2022-10-24 21:50:46,810 [INFO] BlockDiagram:2753 - set Specific Code input for plugin: TIM1_8F1
2022-10-24 21:50:46,811 [INFO] CodeGenerator:690 - code generatio: config db path: C:\ST\STM32CubeIDE_1.7.0\STM32CubeIDE\plugins\com.st.stm32cube.common.mx_6.6.1.202207061420\\db\
2022-10-24 21:50:47,286 [INFO] CodeEngine:245 - oldGeneratedFile, D:\DAI HOC\HK221\VIXULY\LAB3\ex1\MXTmpFiles\license.tmp_save
2022-10-24 21:50:47,680 [INFO] CodeEngine:269 - Generated code: D:\DAI HOC\HK221\VIXULY\LAB3\ex1\MXTmpFiles\license.tmp
2022-10-24 21:50:47,827 [INFO] CodeEngine:245 - oldGeneratedFile, D:\DAI HOC\HK221\VIXULY\LAB3\ex1\MXTmpFiles\gpio.tmp_save
2022-10-24 21:50:47,941 [INFO] CodeEngine:269 - Generated code: D:\DAI HOC\HK221\VIXULY\LAB3\ex1\MXTmpFiles\gpio.tmp
2022-10-24 21:50:48,038 [INFO] CodeEngine:245 - oldGeneratedFile, D:\DAI HOC\HK221\VIXULY\LAB3\ex1\Core\Src\stm32f1xx_it.c_save
2022-10-24 21:50:48,197 [INFO] CodeEngine:269 - Generated code: D:\DAI HOC\HK221\VIXULY\LAB3\ex1\Core\Src\stm32f1xx_it.c
2022-10-24 21:50:48,204 [INFO] CodeEngine:245 - oldGeneratedFile, D:\DAI HOC\HK221\VIXULY\LAB3\ex1\Core\Inc\stm32f1xx_it.h_save
2022-10-24 21:50:48,303 [INFO] CodeEngine:269 - Generated code: D:\DAI HOC\HK221\VIXULY\LAB3\ex1\Core\Inc\stm32f1xx_it.h
2022-10-24 21:50:48,348 [INFO] CodeEngine:245 - oldGeneratedFile, D:\DAI HOC\HK221\VIXULY\LAB3\ex1\Core\Src\stm32f1xx_hal_msp.c_save
2022-10-24 21:50:48,490 [INFO] CodeEngine:269 - Generated code: D:\DAI HOC\HK221\VIXULY\LAB3\ex1\Core\Src\stm32f1xx_hal_msp.c
2022-10-24 21:50:48,494 [INFO] CodeEngine:245 - oldGeneratedFile, D:\DAI HOC\HK221\VIXULY\LAB3\ex1\MXTmpFiles\system.tmp_save
2022-10-24 21:50:48,569 [INFO] CodeEngine:269 - Generated code: D:\DAI HOC\HK221\VIXULY\LAB3\ex1\MXTmpFiles\system.tmp
2022-10-24 21:50:48,598 [INFO] CodeEngine:245 - oldGeneratedFile, D:\DAI HOC\HK221\VIXULY\LAB3\ex1\Core\Inc\stm32f1xx_hal_conf.h_save
2022-10-24 21:50:48,708 [INFO] CodeEngine:269 - Generated code: D:\DAI HOC\HK221\VIXULY\LAB3\ex1\Core\Inc\stm32f1xx_hal_conf.h
2022-10-24 21:50:48,731 [WARN] IPConfigManager:3348 - IP not found : TIM
2022-10-24 21:50:48,732 [WARN] CodeGenerator:3567 - IP not found : null
2022-10-24 21:50:48,745 [INFO] CodeEngine:245 - oldGeneratedFile, D:\DAI HOC\HK221\VIXULY\LAB3\ex1\Core\Inc\main.h_save
2022-10-24 21:50:48,881 [INFO] CodeEngine:269 - Generated code: D:\DAI HOC\HK221\VIXULY\LAB3\ex1\Core\Inc\main.h
2022-10-24 21:50:48,893 [INFO] CodeEngine:245 - oldGeneratedFile, D:\DAI HOC\HK221\VIXULY\LAB3\ex1\Core\Src\main.c_save
2022-10-24 21:50:49,155 [INFO] CodeEngine:269 - Generated code: D:\DAI HOC\HK221\VIXULY\LAB3\ex1\Core\Src\main.c
2022-10-24 21:50:49,998 [INFO] ProjectBuilder:2919 - Time for Copy HAL[1] : 200mS.
2022-10-24 21:50:50,001 [INFO] ProjectBuilder:4117 - Project Generator version: 3.17.1
2022-10-24 21:50:50,569 [INFO] ConfigFileManager:1394 - The Die is : DIE412
2022-10-24 21:50:53,429 [INFO] ProjectBuilder:4285 - Time for Generating toolchain IDE Files: 3428mS.
2022-10-24 21:50:53,432 [INFO] ProjectBuilder:2790 - Time for Copy CMSIS : 3mS.
2022-10-24 21:50:53,433 [INFO] ProjectBuilder:2790 - Time for Copy CMSIS : 0mS.
2022-10-24 22:10:49,319 [ERROR] LogOutputStream:74 - [STDERR_REDIRECT] 
2022-10-25 07:03:14,618 [INFO] Activator:177 - 


2022-10-25 07:03:14,621 [INFO] Activator:178 - !SESSION log4j initialized
